# JRE version: Java(TM) SE Runtime Environment (8.0_301-b09) (build 1.8.0_301-b09)
# Java VM: Java HotSpot(TM) 64-Bit Server VM (25.301-b09 mixed mode windows-amd64 compressed oops)
Heap:
 PSYoungGen      total 124416K, used 98048K [0x0000000775980000, 0x000000077e080000, 0x00000007c0000000)
  eden space 114688K, 77% used [0x0000000775980000,0x000000077afe3f08,0x000000077c980000)
  from space 9728K, 98% used [0x000000077d700000,0x000000077e05c118,0x000000077e080000)
  to   space 11264K, 0% used [0x000000077ca80000,0x000000077ca80000,0x000000077d580000)
 ParOldGen       total 156672K, used 14576K [0x00000006e0c00000, 0x00000006ea500000, 0x0000000775980000)
  object space 156672K, 9% used [0x00000006e0c00000,0x00000006e1a3c1f8,0x00000006ea500000)
 Metaspace       used 50642K, capacity 53606K, committed 53888K, reserved 1095680K
  class space    used 6940K, capacity 7479K, committed 7552K, reserved 1048576K
GC Heap History (10 events):
Event: 2.075 GC heap before
{Heap before GC invocations=6 (full 1):
 PSYoungGen      total 67072K, used 57856K [0x0000000775980000, 0x000000077a400000, 0x00000007c0000000)
  eden space 57856K, 100% used [0x0000000775980000,0x0000000779200000,0x0000000779200000)
  from space 9216K, 0% used [0x0000000779b00000,0x0000000779b00000,0x000000077a400000)
  to   space 9216K, 0% used [0x0000000779200000,0x0000000779200000,0x0000000779b00000)
 ParOldGen       total 95744K, used 6374K [0x00000006e0c00000, 0x00000006e6980000, 0x0000000775980000)
  object space 95744K, 6% used [0x00000006e0c00000,0x00000006e1239ba0,0x00000006e6980000)
 Metaspace       used 24496K, capacity 25868K, committed 25984K, reserved 1071104K
  class space    used 3124K, capacity 3379K, committed 3456K, reserved 1048576K
Event: 2.079 GC heap after
Heap after GC invocations=6 (full 1):
 PSYoungGen      total 67072K, used 7080K [0x0000000775980000, 0x000000077be00000, 0x00000007c0000000)
  eden space 57856K, 0% used [0x0000000775980000,0x0000000775980000,0x0000000779200000)
  from space 9216K, 76% used [0x0000000779200000,0x00000007798ea0b0,0x0000000779b00000)
  to   space 9728K, 0% used [0x000000077b480000,0x000000077b480000,0x000000077be00000)
 ParOldGen       total 95744K, used 6382K [0x00000006e0c00000, 0x00000006e6980000, 0x0000000775980000)
  object space 95744K, 6% used [0x00000006e0c00000,0x00000006e123bba0,0x00000006e6980000)
 Metaspace       used 24496K, capacity 25868K, committed 25984K, reserved 1071104K
  class space    used 3124K, capacity 3379K, committed 3456K, reserved 1048576K
}
Event: 2.643 GC heap before
{Heap before GC invocations=7 (full 1):
 PSYoungGen      total 67072K, used 64902K [0x0000000775980000, 0x000000077be00000, 0x00000007c0000000)
  eden space 57856K, 99% used [0x0000000775980000,0x00000007791f7930,0x0000000779200000)
  from space 9216K, 76% used [0x0000000779200000,0x00000007798ea0b0,0x0000000779b00000)
  to   space 9728K, 0% used [0x000000077b480000,0x000000077b480000,0x000000077be00000)
 ParOldGen       total 95744K, used 6382K [0x00000006e0c00000, 0x00000006e6980000, 0x0000000775980000)
  object space 95744K, 6% used [0x00000006e0c00000,0x00000006e123bba0,0x00000006e6980000)
 Metaspace       used 29173K, capacity 31096K, committed 31360K, reserved 1077248K
  class space    used 3759K, capacity 4135K, committed 4224K, reserved 1048576K
Event: 2.649 GC heap after
Heap after GC invocations=7 (full 1):
 PSYoungGen      total 91136K, used 7952K [0x0000000775980000, 0x000000077bd00000, 0x00000007c0000000)
  eden space 82432K, 0% used [0x0000000775980000,0x0000000775980000,0x000000077aa00000)
  from space 8704K, 91% used [0x000000077b480000,0x000000077bc44118,0x000000077bd00000)
  to   space 9728K, 0% used [0x000000077aa00000,0x000000077aa00000,0x000000077b380000)
 ParOldGen       total 95744K, used 6390K [0x00000006e0c00000, 0x00000006e6980000, 0x0000000775980000)
  object space 95744K, 6% used [0x00000006e0c00000,0x00000006e123dba0,0x00000006e6980000)
 Metaspace       used 29173K, capacity 31096K, committed 31360K, reserved 1077248K
  class space    used 3759K, capacity 4135K, committed 4224K, reserved 1048576K
}
Event: 3.056 GC heap before
{Heap before GC invocations=8 (full 1):
 PSYoungGen      total 91136K, used 88932K [0x0000000775980000, 0x000000077bd00000, 0x00000007c0000000)
  eden space 82432K, 98% used [0x0000000775980000,0x000000077a8951d0,0x000000077aa00000)
  from space 8704K, 91% used [0x000000077b480000,0x000000077bc44118,0x000000077bd00000)
  to   space 9728K, 0% used [0x000000077aa00000,0x000000077aa00000,0x000000077b380000)
 ParOldGen       total 95744K, used 6390K [0x00000006e0c00000, 0x00000006e6980000, 0x0000000775980000)
  object space 95744K, 6% used [0x00000006e0c00000,0x00000006e123dba0,0x00000006e6980000)
 Metaspace       used 33262K, capacity 35330K, committed 35456K, reserved 1079296K
  class space    used 4219K, capacity 4630K, committed 4736K, reserved 1048576K
Event: 3.062 GC heap after
Heap after GC invocations=8 (full 1):
 PSYoungGen      total 92160K, used 9702K [0x0000000775980000, 0x000000077e180000, 0x00000007c0000000)
  eden space 82432K, 0% used [0x0000000775980000,0x0000000775980000,0x000000077aa00000)
  from space 9728K, 99% used [0x000000077aa00000,0x000000077b3799d0,0x000000077b380000)
  to   space 10752K, 0% used [0x000000077d700000,0x000000077d700000,0x000000077e180000)
 ParOldGen       total 95744K, used 6860K [0x00000006e0c00000, 0x00000006e6980000, 0x0000000775980000)
  object space 95744K, 7% used [0x00000006e0c00000,0x00000006e12b3240,0x00000006e6980000)
 Metaspace       used 33262K, capacity 35330K, committed 35456K, reserved 1079296K
  class space    used 4219K, capacity 4630K, committed 4736K, reserved 1048576K
}
Event: 3.062 GC heap before
{Heap before GC invocations=9 (full 2):
 PSYoungGen      total 92160K, used 9702K [0x0000000775980000, 0x000000077e180000, 0x00000007c0000000)
  eden space 82432K, 0% used [0x0000000775980000,0x0000000775980000,0x000000077aa00000)
  from space 9728K, 99% used [0x000000077aa00000,0x000000077b3799d0,0x000000077b380000)
  to   space 10752K, 0% used [0x000000077d700000,0x000000077d700000,0x000000077e180000)
 ParOldGen       total 95744K, used 6860K [0x00000006e0c00000, 0x00000006e6980000, 0x0000000775980000)
  object space 95744K, 7% used [0x00000006e0c00000,0x00000006e12b3240,0x00000006e6980000)
 Metaspace       used 33262K, capacity 35330K, committed 35456K, reserved 1079296K
  class space    used 4219K, capacity 4630K, committed 4736K, reserved 1048576K
Event: 3.097 GC heap after
Heap after GC invocations=9 (full 2):
 PSYoungGen      total 92160K, used 0K [0x0000000775980000, 0x000000077e180000, 0x00000007c0000000)
  eden space 82432K, 0% used [0x0000000775980000,0x0000000775980000,0x000000077aa00000)
  from space 9728K, 0% used [0x000000077aa00000,0x000000077aa00000,0x000000077b380000)
  to   space 10752K, 0% used [0x000000077d700000,0x000000077d700000,0x000000077e180000)
 ParOldGen       total 156672K, used 14568K [0x00000006e0c00000, 0x00000006ea500000, 0x0000000775980000)
  object space 156672K, 9% used [0x00000006e0c00000,0x00000006e1a3a1f8,0x00000006ea500000)
 Metaspace       used 33262K, capacity 35330K, committed 35456K, reserved 1079296K
  class space    used 4219K, capacity 4630K, committed 4736K, reserved 1048576K
}
Event: 3.883 GC heap before
{Heap before GC invocations=10 (full 2):
 PSYoungGen      total 92160K, used 82432K [0x0000000775980000, 0x000000077e180000, 0x00000007c0000000)
  eden space 82432K, 100% used [0x0000000775980000,0x000000077aa00000,0x000000077aa00000)
  from space 9728K, 0% used [0x000000077aa00000,0x000000077aa00000,0x000000077b380000)
  to   space 10752K, 0% used [0x000000077d700000,0x000000077d700000,0x000000077e180000)
 ParOldGen       total 156672K, used 14568K [0x00000006e0c00000, 0x00000006ea500000, 0x0000000775980000)
  object space 156672K, 9% used [0x00000006e0c00000,0x00000006e1a3a1f8,0x00000006ea500000)
 Metaspace       used 42106K, capacity 44446K, committed 44544K, reserved 1087488K
  class space    used 5618K, capacity 6060K, committed 6144K, reserved 1048576K
Event: 3.891 GC heap after
Heap after GC invocations=10 (full 2):
 PSYoungGen      total 124416K, used 9584K [0x0000000775980000, 0x000000077e080000, 0x00000007c0000000)
  eden space 114688K, 0% used [0x0000000775980000,0x0000000775980000,0x000000077c980000)
  from space 9728K, 98% used [0x000000077d700000,0x000000077e05c118,0x000000077e080000)
  to   space 11264K, 0% used [0x000000077ca80000,0x000000077ca80000,0x000000077d580000)
 ParOldGen       total 156672K, used 14576K [0x00000006e0c00000, 0x00000006ea500000, 0x0000000775980000)
  object space 156672K, 9% used [0x00000006e0c00000,0x00000006e1a3c1f8,0x00000006ea500000)
 Metaspace       used 42106K, capacity 44446K, committed 44544K, reserved 1087488K
  class space    used 5618K, capacity 6060K, committed 6144K, reserved 1048576K
}

