# JRE version: Java(TM) SE Runtime Environment (8.0_301-b09) (build 1.8.0_301-b09)
# Java VM: Java HotSpot(TM) 64-Bit Server VM (25.301-b09 mixed mode windows-amd64 compressed oops)
Heap:
 PSYoungGen      total 181760K, used 108275K [0x0000000775980000, 0x0000000781b80000, 0x00000007c0000000)
  eden space 172032K, 62% used [0x0000000775980000,0x000000077c33cd98,0x0000000780180000)
  from space 9728K, 0% used [0x0000000781200000,0x0000000781200000,0x0000000781b80000)
  to   space 13312K, 0% used [0x0000000780180000,0x0000000780180000,0x0000000780e80000)
 ParOldGen       total 91136K, used 14003K [0x00000006e0c00000, 0x00000006e6500000, 0x0000000775980000)
  object space 91136K, 15% used [0x00000006e0c00000,0x00000006e19acc20,0x00000006e6500000)
 Metaspace       used 45381K, capacity 47822K, committed 48088K, reserved 1091584K
  class space    used 6165K, capacity 6618K, committed 6656K, reserved 1048576K
GC Heap History (10 events):
Event: 1.268 GC heap before
{Heap before GC invocations=4 (full 0):
 PSYoungGen      total 67072K, used 20669K [0x0000000775980000, 0x000000077dc80000, 0x00000007c0000000)
  eden space 57856K, 23% used [0x0000000775980000,0x00000007766d6810,0x0000000779200000)
  from space 9216K, 76% used [0x0000000779200000,0x00000007798d8ef0,0x0000000779b00000)
  to   space 9216K, 0% used [0x000000077d380000,0x000000077d380000,0x000000077dc80000)
 ParOldGen       total 153088K, used 1334K [0x00000006e0c00000, 0x00000006ea180000, 0x0000000775980000)
  object space 153088K, 0% used [0x00000006e0c00000,0x00000006e0d4db40,0x00000006ea180000)
 Metaspace       used 20236K, capacity 21160K, committed 21248K, reserved 1067008K
  class space    used 2534K, capacity 2737K, committed 2816K, reserved 1048576K
Event: 1.273 GC heap after
Heap after GC invocations=4 (full 0):
 PSYoungGen      total 124928K, used 6378K [0x0000000775980000, 0x000000077dc80000, 0x00000007c0000000)
  eden space 115712K, 0% used [0x0000000775980000,0x0000000775980000,0x000000077ca80000)
  from space 9216K, 69% used [0x000000077d380000,0x000000077d9bab98,0x000000077dc80000)
  to   space 9216K, 0% used [0x000000077ca80000,0x000000077ca80000,0x000000077d380000)
 ParOldGen       total 153088K, used 1342K [0x00000006e0c00000, 0x00000006ea180000, 0x0000000775980000)
  object space 153088K, 0% used [0x00000006e0c00000,0x00000006e0d4fb40,0x00000006ea180000)
 Metaspace       used 20236K, capacity 21160K, committed 21248K, reserved 1067008K
  class space    used 2534K, capacity 2737K, committed 2816K, reserved 1048576K
}
Event: 1.273 GC heap before
{Heap before GC invocations=5 (full 1):
 PSYoungGen      total 124928K, used 6378K [0x0000000775980000, 0x000000077dc80000, 0x00000007c0000000)
  eden space 115712K, 0% used [0x0000000775980000,0x0000000775980000,0x000000077ca80000)
  from space 9216K, 69% used [0x000000077d380000,0x000000077d9bab98,0x000000077dc80000)
  to   space 9216K, 0% used [0x000000077ca80000,0x000000077ca80000,0x000000077d380000)
 ParOldGen       total 153088K, used 1342K [0x00000006e0c00000, 0x00000006ea180000, 0x0000000775980000)
  object space 153088K, 0% used [0x00000006e0c00000,0x00000006e0d4fb40,0x00000006ea180000)
 Metaspace       used 20236K, capacity 21160K, committed 21248K, reserved 1067008K
  class space    used 2534K, capacity 2737K, committed 2816K, reserved 1048576K
Event: 1.293 GC heap after
Heap after GC invocations=5 (full 1):
 PSYoungGen      total 124928K, used 0K [0x0000000775980000, 0x000000077dc80000, 0x00000007c0000000)
  eden space 115712K, 0% used [0x0000000775980000,0x0000000775980000,0x000000077ca80000)
  from space 9216K, 0% used [0x000000077d380000,0x000000077d380000,0x000000077dc80000)
  to   space 9216K, 0% used [0x000000077ca80000,0x000000077ca80000,0x000000077d380000)
 ParOldGen       total 91136K, used 6215K [0x00000006e0c00000, 0x00000006e6500000, 0x0000000775980000)
  object space 91136K, 6% used [0x00000006e0c00000,0x00000006e1211d80,0x00000006e6500000)
 Metaspace       used 20236K, capacity 21160K, committed 21248K, reserved 1067008K
  class space    used 2534K, capacity 2737K, committed 2816K, reserved 1048576K
}
Event: 2.611 GC heap before
{Heap before GC invocations=6 (full 1):
 PSYoungGen      total 124928K, used 115656K [0x0000000775980000, 0x000000077dc80000, 0x00000007c0000000)
  eden space 115712K, 99% used [0x0000000775980000,0x000000077ca72038,0x000000077ca80000)
  from space 9216K, 0% used [0x000000077d380000,0x000000077d380000,0x000000077dc80000)
  to   space 9216K, 0% used [0x000000077ca80000,0x000000077ca80000,0x000000077d380000)
 ParOldGen       total 91136K, used 6215K [0x00000006e0c00000, 0x00000006e6500000, 0x0000000775980000)
  object space 91136K, 6% used [0x00000006e0c00000,0x00000006e1211d80,0x00000006e6500000)
 Metaspace       used 29127K, capacity 30986K, committed 31360K, reserved 1077248K
  class space    used 3756K, capacity 4102K, committed 4224K, reserved 1048576K
Event: 2.619 GC heap after
Heap after GC invocations=6 (full 1):
 PSYoungGen      total 124928K, used 9207K [0x0000000775980000, 0x0000000781f00000, 0x00000007c0000000)
  eden space 115712K, 0% used [0x0000000775980000,0x0000000775980000,0x000000077ca80000)
  from space 9216K, 99% used [0x000000077ca80000,0x000000077d37dd18,0x000000077d380000)
  to   space 13312K, 0% used [0x0000000781200000,0x0000000781200000,0x0000000781f00000)
 ParOldGen       total 91136K, used 9186K [0x00000006e0c00000, 0x00000006e6500000, 0x0000000775980000)
  object space 91136K, 10% used [0x00000006e0c00000,0x00000006e14f8b58,0x00000006e6500000)
 Metaspace       used 29127K, capacity 30986K, committed 31360K, reserved 1077248K
  class space    used 3756K, capacity 4102K, committed 4224K, reserved 1048576K
}
Event: 3.301 GC heap before
{Heap before GC invocations=7 (full 1):
 PSYoungGen      total 124928K, used 100543K [0x0000000775980000, 0x0000000781f00000, 0x00000007c0000000)
  eden space 115712K, 78% used [0x0000000775980000,0x000000077b2b2040,0x000000077ca80000)
  from space 9216K, 99% used [0x000000077ca80000,0x000000077d37dd18,0x000000077d380000)
  to   space 13312K, 0% used [0x0000000781200000,0x0000000781200000,0x0000000781f00000)
 ParOldGen       total 91136K, used 9186K [0x00000006e0c00000, 0x00000006e6500000, 0x0000000775980000)
  object space 91136K, 10% used [0x00000006e0c00000,0x00000006e14f8b58,0x00000006e6500000)
 Metaspace       used 33332K, capacity 35366K, committed 35416K, reserved 1079296K
  class space    used 4306K, capacity 4700K, committed 4736K, reserved 1048576K
Event: 3.307 GC heap after
Heap after GC invocations=7 (full 1):
 PSYoungGen      total 181760K, used 9691K [0x0000000775980000, 0x0000000781b80000, 0x00000007c0000000)
  eden space 172032K, 0% used [0x0000000775980000,0x0000000775980000,0x0000000780180000)
  from space 9728K, 99% used [0x0000000781200000,0x0000000781b76ef8,0x0000000781b80000)
  to   space 13312K, 0% used [0x0000000780180000,0x0000000780180000,0x0000000780e80000)
 ParOldGen       total 91136K, used 9194K [0x00000006e0c00000, 0x00000006e6500000, 0x0000000775980000)
  object space 91136K, 10% used [0x00000006e0c00000,0x00000006e14fab58,0x00000006e6500000)
 Metaspace       used 33332K, capacity 35366K, committed 35416K, reserved 1079296K
  class space    used 4306K, capacity 4700K, committed 4736K, reserved 1048576K
}
Event: 3.307 GC heap before
{Heap before GC invocations=8 (full 2):
 PSYoungGen      total 181760K, used 9691K [0x0000000775980000, 0x0000000781b80000, 0x00000007c0000000)
  eden space 172032K, 0% used [0x0000000775980000,0x0000000775980000,0x0000000780180000)
  from space 9728K, 99% used [0x0000000781200000,0x0000000781b76ef8,0x0000000781b80000)
  to   space 13312K, 0% used [0x0000000780180000,0x0000000780180000,0x0000000780e80000)
 ParOldGen       total 91136K, used 9194K [0x00000006e0c00000, 0x00000006e6500000, 0x0000000775980000)
  object space 91136K, 10% used [0x00000006e0c00000,0x00000006e14fab58,0x00000006e6500000)
 Metaspace       used 33332K, capacity 35366K, committed 35416K, reserved 1079296K
  class space    used 4306K, capacity 4700K, committed 4736K, reserved 1048576K
Event: 3.342 GC heap after
Heap after GC invocations=8 (full 2):
 PSYoungGen      total 181760K, used 0K [0x0000000775980000, 0x0000000781b80000, 0x00000007c0000000)
  eden space 172032K, 0% used [0x0000000775980000,0x0000000775980000,0x0000000780180000)
  from space 9728K, 0% used [0x0000000781200000,0x0000000781200000,0x0000000781b80000)
  to   space 13312K, 0% used [0x0000000780180000,0x0000000780180000,0x0000000780e80000)
 ParOldGen       total 91136K, used 14003K [0x00000006e0c00000, 0x00000006e6500000, 0x0000000775980000)
  object space 91136K, 15% used [0x00000006e0c00000,0x00000006e19acc20,0x00000006e6500000)
 Metaspace       used 33332K, capacity 35366K, committed 35416K, reserved 1079296K
  class space    used 4306K, capacity 4700K, committed 4736K, reserved 1048576K
}

