# JRE version: Java(TM) SE Runtime Environment (8.0_301-b09) (build 1.8.0_301-b09)
# Java VM: Java HotSpot(TM) 64-Bit Server VM (25.301-b09 mixed mode windows-amd64 compressed oops)
Heap:
 PSYoungGen      total 272384K, used 75123K [0x0000000775980000, 0x0000000787800000, 0x00000007c0000000)
  eden space 255488K, 29% used [0x0000000775980000,0x000000077a2dcdc0,0x0000000785300000)
  from space 16896K, 0% used [0x0000000786780000,0x0000000786780000,0x0000000787800000)
  to   space 18944K, 0% used [0x0000000785300000,0x0000000785300000,0x0000000786580000)
 ParOldGen       total 203776K, used 23546K [0x00000006e0c00000, 0x00000006ed300000, 0x0000000775980000)
  object space 203776K, 11% used [0x00000006e0c00000,0x00000006e22fe808,0x00000006ed300000)
 Metaspace       used 58963K, capacity 62730K, committed 62848K, reserved 1103872K
  class space    used 8104K, capacity 8752K, committed 8832K, reserved 1048576K
GC Heap History (10 events):
Event: 3.757 GC heap before
{Heap before GC invocations=7 (full 1):
 PSYoungGen      total 124928K, used 106197K [0x0000000775980000, 0x0000000782200000, 0x00000007c0000000)
  eden space 115712K, 83% used [0x0000000775980000,0x000000077b83b050,0x000000077ca80000)
  from space 9216K, 99% used [0x000000077ca80000,0x000000077d37a6c0,0x000000077d380000)
  to   space 14336K, 0% used [0x0000000781400000,0x0000000781400000,0x0000000782200000)
 ParOldGen       total 90624K, used 10432K [0x00000006e0c00000, 0x00000006e6480000, 0x0000000775980000)
  object space 90624K, 11% used [0x00000006e0c00000,0x00000006e1630298,0x00000006e6480000)
 Metaspace       used 33114K, capacity 35336K, committed 35416K, reserved 1079296K
  class space    used 4221K, capacity 4656K, committed 4736K, reserved 1048576K
Event: 3.767 GC heap after
Heap after GC invocations=7 (full 1):
 PSYoungGen      total 191488K, used 9197K [0x0000000775980000, 0x0000000782280000, 0x00000007c0000000)
  eden space 177152K, 0% used [0x0000000775980000,0x0000000775980000,0x0000000780680000)
  from space 14336K, 64% used [0x0000000781400000,0x0000000781cfb690,0x0000000782200000)
  to   space 13824K, 0% used [0x0000000780680000,0x0000000780680000,0x0000000781400000)
 ParOldGen       total 90624K, used 10440K [0x00000006e0c00000, 0x00000006e6480000, 0x0000000775980000)
  object space 90624K, 11% used [0x00000006e0c00000,0x00000006e1632298,0x00000006e6480000)
 Metaspace       used 33114K, capacity 35336K, committed 35416K, reserved 1079296K
  class space    used 4221K, capacity 4656K, committed 4736K, reserved 1048576K
}
Event: 3.767 GC heap before
{Heap before GC invocations=8 (full 2):
 PSYoungGen      total 191488K, used 9197K [0x0000000775980000, 0x0000000782280000, 0x00000007c0000000)
  eden space 177152K, 0% used [0x0000000775980000,0x0000000775980000,0x0000000780680000)
  from space 14336K, 64% used [0x0000000781400000,0x0000000781cfb690,0x0000000782200000)
  to   space 13824K, 0% used [0x0000000780680000,0x0000000780680000,0x0000000781400000)
 ParOldGen       total 90624K, used 10440K [0x00000006e0c00000, 0x00000006e6480000, 0x0000000775980000)
  object space 90624K, 11% used [0x00000006e0c00000,0x00000006e1632298,0x00000006e6480000)
 Metaspace       used 33114K, capacity 35336K, committed 35416K, reserved 1079296K
  class space    used 4221K, capacity 4656K, committed 4736K, reserved 1048576K
Event: 3.815 GC heap after
Heap after GC invocations=8 (full 2):
 PSYoungGen      total 191488K, used 0K [0x0000000775980000, 0x0000000782280000, 0x00000007c0000000)
  eden space 177152K, 0% used [0x0000000775980000,0x0000000775980000,0x0000000780680000)
  from space 14336K, 0% used [0x0000000781400000,0x0000000781400000,0x0000000782200000)
  to   space 13824K, 0% used [0x0000000780680000,0x0000000780680000,0x0000000781400000)
 ParOldGen       total 142848K, used 13739K [0x00000006e0c00000, 0x00000006e9780000, 0x0000000775980000)
  object space 142848K, 9% used [0x00000006e0c00000,0x00000006e196af28,0x00000006e9780000)
 Metaspace       used 33114K, capacity 35336K, committed 35416K, reserved 1079296K
  class space    used 4221K, capacity 4656K, committed 4736K, reserved 1048576K
}
Event: 6.129 GC heap before
{Heap before GC invocations=9 (full 2):
 PSYoungGen      total 191488K, used 177152K [0x0000000775980000, 0x0000000782280000, 0x00000007c0000000)
  eden space 177152K, 100% used [0x0000000775980000,0x0000000780680000,0x0000000780680000)
  from space 14336K, 0% used [0x0000000781400000,0x0000000781400000,0x0000000782200000)
  to   space 13824K, 0% used [0x0000000780680000,0x0000000780680000,0x0000000781400000)
 ParOldGen       total 142848K, used 13739K [0x00000006e0c00000, 0x00000006e9780000, 0x0000000775980000)
  object space 142848K, 9% used [0x00000006e0c00000,0x00000006e196af28,0x00000006e9780000)
 Metaspace       used 51796K, capacity 55082K, committed 55296K, reserved 1097728K
  class space    used 7088K, capacity 7658K, committed 7680K, reserved 1048576K
Event: 6.144 GC heap after
Heap after GC invocations=9 (full 2):
 PSYoungGen      total 190976K, used 13815K [0x0000000775980000, 0x0000000787a00000, 0x00000007c0000000)
  eden space 177152K, 0% used [0x0000000775980000,0x0000000775980000,0x0000000780680000)
  from space 13824K, 99% used [0x0000000780680000,0x00000007813fde00,0x0000000781400000)
  to   space 18944K, 0% used [0x0000000786780000,0x0000000786780000,0x0000000787a00000)
 ParOldGen       total 142848K, used 20508K [0x00000006e0c00000, 0x00000006e9780000, 0x0000000775980000)
  object space 142848K, 14% used [0x00000006e0c00000,0x00000006e2007318,0x00000006e9780000)
 Metaspace       used 51796K, capacity 55082K, committed 55296K, reserved 1097728K
  class space    used 7088K, capacity 7658K, committed 7680K, reserved 1048576K
}
Event: 7.026 GC heap before
{Heap before GC invocations=10 (full 2):
 PSYoungGen      total 190976K, used 80278K [0x0000000775980000, 0x0000000787a00000, 0x00000007c0000000)
  eden space 177152K, 37% used [0x0000000775980000,0x0000000779a67a00,0x0000000780680000)
  from space 13824K, 99% used [0x0000000780680000,0x00000007813fde00,0x0000000781400000)
  to   space 18944K, 0% used [0x0000000786780000,0x0000000786780000,0x0000000787a00000)
 ParOldGen       total 142848K, used 20508K [0x00000006e0c00000, 0x00000006e9780000, 0x0000000775980000)
  object space 142848K, 14% used [0x00000006e0c00000,0x00000006e2007318,0x00000006e9780000)
 Metaspace       used 55407K, capacity 58906K, committed 59008K, reserved 1099776K
  class space    used 7598K, capacity 8228K, committed 8320K, reserved 1048576K
Event: 7.037 GC heap after
Heap after GC invocations=10 (full 2):
 PSYoungGen      total 272384K, used 12703K [0x0000000775980000, 0x0000000787800000, 0x00000007c0000000)
  eden space 255488K, 0% used [0x0000000775980000,0x0000000775980000,0x0000000785300000)
  from space 16896K, 75% used [0x0000000786780000,0x00000007873e7fa8,0x0000000787800000)
  to   space 18944K, 0% used [0x0000000785300000,0x0000000785300000,0x0000000786580000)
 ParOldGen       total 142848K, used 20516K [0x00000006e0c00000, 0x00000006e9780000, 0x0000000775980000)
  object space 142848K, 14% used [0x00000006e0c00000,0x00000006e2009318,0x00000006e9780000)
 Metaspace       used 55407K, capacity 58906K, committed 59008K, reserved 1099776K
  class space    used 7598K, capacity 8228K, committed 8320K, reserved 1048576K
}
Event: 7.037 GC heap before
{Heap before GC invocations=11 (full 3):
 PSYoungGen      total 272384K, used 12703K [0x0000000775980000, 0x0000000787800000, 0x00000007c0000000)
  eden space 255488K, 0% used [0x0000000775980000,0x0000000775980000,0x0000000785300000)
  from space 16896K, 75% used [0x0000000786780000,0x00000007873e7fa8,0x0000000787800000)
  to   space 18944K, 0% used [0x0000000785300000,0x0000000785300000,0x0000000786580000)
 ParOldGen       total 142848K, used 20516K [0x00000006e0c00000, 0x00000006e9780000, 0x0000000775980000)
  object space 142848K, 14% used [0x00000006e0c00000,0x00000006e2009318,0x00000006e9780000)
 Metaspace       used 55407K, capacity 58906K, committed 59008K, reserved 1099776K
  class space    used 7598K, capacity 8228K, committed 8320K, reserved 1048576K
Event: 7.179 GC heap after
Heap after GC invocations=11 (full 3):
 PSYoungGen      total 272384K, used 0K [0x0000000775980000, 0x0000000787800000, 0x00000007c0000000)
  eden space 255488K, 0% used [0x0000000775980000,0x0000000775980000,0x0000000785300000)
  from space 16896K, 0% used [0x0000000786780000,0x0000000786780000,0x0000000787800000)
  to   space 18944K, 0% used [0x0000000785300000,0x0000000785300000,0x0000000786580000)
 ParOldGen       total 203776K, used 23546K [0x00000006e0c00000, 0x00000006ed300000, 0x0000000775980000)
  object space 203776K, 11% used [0x00000006e0c00000,0x00000006e22fe808,0x00000006ed300000)
 Metaspace       used 55407K, capacity 58906K, committed 59008K, reserved 1099776K
  class space    used 7598K, capacity 8228K, committed 8320K, reserved 1048576K
}

