# JRE version: Java(TM) SE Runtime Environment (8.0_301-b09) (build 1.8.0_301-b09)
# Java VM: Java HotSpot(TM) 64-Bit Server VM (25.301-b09 mixed mode windows-amd64 compressed oops)
Heap:
 PSYoungGen      total 184832K, used 94170K [0x0000000775980000, 0x0000000781c00000, 0x00000007c0000000)
  eden space 171520K, 54% used [0x0000000775980000,0x000000077b576910,0x0000000780100000)
  from space 13312K, 0% used [0x0000000780f00000,0x0000000780f00000,0x0000000781c00000)
  to   space 13824K, 0% used [0x0000000780100000,0x0000000780100000,0x0000000780e80000)
 ParOldGen       total 150016K, used 16069K [0x00000006e0c00000, 0x00000006e9e80000, 0x0000000775980000)
  object space 150016K, 10% used [0x00000006e0c00000,0x00000006e1bb1540,0x00000006e9e80000)
 Metaspace       used 50910K, capacity 53888K, committed 54144K, reserved 1095680K
  class space    used 6950K, capacity 7479K, committed 7552K, reserved 1048576K
GC Heap History (10 events):
Event: 2.910 GC heap before
{Heap before GC invocations=7 (full 1):
 PSYoungGen      total 124928K, used 96468K [0x0000000775980000, 0x0000000781c00000, 0x00000007c0000000)
  eden space 115712K, 75% used [0x0000000775980000,0x000000077aeba9a0,0x000000077ca80000)
  from space 9216K, 99% used [0x000000077ca80000,0x000000077d37a810,0x000000077d380000)
  to   space 13312K, 0% used [0x0000000780f00000,0x0000000780f00000,0x0000000781c00000)
 ParOldGen       total 92672K, used 9282K [0x00000006e0c00000, 0x00000006e6680000, 0x0000000775980000)
  object space 92672K, 10% used [0x00000006e0c00000,0x00000006e15109f0,0x00000006e6680000)
 Metaspace       used 33332K, capacity 35342K, committed 35416K, reserved 1081344K
  class space    used 4220K, capacity 4606K, committed 4608K, reserved 1048576K
Event: 2.917 GC heap after
Heap after GC invocations=7 (full 1):
 PSYoungGen      total 184832K, used 10330K [0x0000000775980000, 0x0000000781c00000, 0x00000007c0000000)
  eden space 171520K, 0% used [0x0000000775980000,0x0000000775980000,0x0000000780100000)
  from space 13312K, 77% used [0x0000000780f00000,0x00000007819168c8,0x0000000781c00000)
  to   space 13824K, 0% used [0x0000000780100000,0x0000000780100000,0x0000000780e80000)
 ParOldGen       total 92672K, used 9290K [0x00000006e0c00000, 0x00000006e6680000, 0x0000000775980000)
  object space 92672K, 10% used [0x00000006e0c00000,0x00000006e15129f0,0x00000006e6680000)
 Metaspace       used 33332K, capacity 35342K, committed 35416K, reserved 1081344K
  class space    used 4220K, capacity 4606K, committed 4608K, reserved 1048576K
}
Event: 2.917 GC heap before
{Heap before GC invocations=8 (full 2):
 PSYoungGen      total 184832K, used 10330K [0x0000000775980000, 0x0000000781c00000, 0x00000007c0000000)
  eden space 171520K, 0% used [0x0000000775980000,0x0000000775980000,0x0000000780100000)
  from space 13312K, 77% used [0x0000000780f00000,0x00000007819168c8,0x0000000781c00000)
  to   space 13824K, 0% used [0x0000000780100000,0x0000000780100000,0x0000000780e80000)
 ParOldGen       total 92672K, used 9290K [0x00000006e0c00000, 0x00000006e6680000, 0x0000000775980000)
  object space 92672K, 10% used [0x00000006e0c00000,0x00000006e15129f0,0x00000006e6680000)
 Metaspace       used 33332K, capacity 35342K, committed 35416K, reserved 1081344K
  class space    used 4220K, capacity 4606K, committed 4608K, reserved 1048576K
Event: 2.954 GC heap after
Heap after GC invocations=8 (full 2):
 PSYoungGen      total 184832K, used 0K [0x0000000775980000, 0x0000000781c00000, 0x00000007c0000000)
  eden space 171520K, 0% used [0x0000000775980000,0x0000000775980000,0x0000000780100000)
  from space 13312K, 0% used [0x0000000780f00000,0x0000000780f00000,0x0000000781c00000)
  to   space 13824K, 0% used [0x0000000780100000,0x0000000780100000,0x0000000780e80000)
 ParOldGen       total 150016K, used 14727K [0x00000006e0c00000, 0x00000006e9e80000, 0x0000000775980000)
  object space 150016K, 9% used [0x00000006e0c00000,0x00000006e1a61c60,0x00000006e9e80000)
 Metaspace       used 33332K, capacity 35342K, committed 35416K, reserved 1081344K
  class space    used 4220K, capacity 4606K, committed 4608K, reserved 1048576K
}
Event: 4.984 GC heap before
{Heap before GC invocations=9 (full 2):
 PSYoungGen      total 184832K, used 171520K [0x0000000775980000, 0x0000000781c00000, 0x00000007c0000000)
  eden space 171520K, 100% used [0x0000000775980000,0x0000000780100000,0x0000000780100000)
  from space 13312K, 0% used [0x0000000780f00000,0x0000000780f00000,0x0000000781c00000)
  to   space 13824K, 0% used [0x0000000780100000,0x0000000780100000,0x0000000780e80000)
 ParOldGen       total 150016K, used 14727K [0x00000006e0c00000, 0x00000006e9e80000, 0x0000000775980000)
  object space 150016K, 9% used [0x00000006e0c00000,0x00000006e1a61c60,0x00000006e9e80000)
 Metaspace       used 50447K, capacity 53438K, committed 53504K, reserved 1095680K
  class space    used 6903K, capacity 7415K, committed 7424K, reserved 1048576K
Event: 4.999 GC heap after
Heap after GC invocations=9 (full 2):
 PSYoungGen      total 185344K, used 13819K [0x0000000775980000, 0x0000000781c00000, 0x00000007c0000000)
  eden space 171520K, 0% used [0x0000000775980000,0x0000000775980000,0x0000000780100000)
  from space 13824K, 99% used [0x0000000780100000,0x0000000780e7efc0,0x0000000780e80000)
  to   space 13312K, 0% used [0x0000000780f00000,0x0000000780f00000,0x0000000781c00000)
 ParOldGen       total 150016K, used 20295K [0x00000006e0c00000, 0x00000006e9e80000, 0x0000000775980000)
  object space 150016K, 13% used [0x00000006e0c00000,0x00000006e1fd1ed8,0x00000006e9e80000)
 Metaspace       used 50447K, capacity 53438K, committed 53504K, reserved 1095680K
  class space    used 6903K, capacity 7415K, committed 7424K, reserved 1048576K
}
Event: 64.459 GC heap before
{Heap before GC invocations=10 (full 2):
 PSYoungGen      total 185344K, used 33227K [0x0000000775980000, 0x0000000781c00000, 0x00000007c0000000)
  eden space 171520K, 11% used [0x0000000775980000,0x0000000776c73de8,0x0000000780100000)
  from space 13824K, 99% used [0x0000000780100000,0x0000000780e7efc0,0x0000000780e80000)
  to   space 13312K, 0% used [0x0000000780f00000,0x0000000780f00000,0x0000000781c00000)
 ParOldGen       total 150016K, used 20295K [0x00000006e0c00000, 0x00000006e9e80000, 0x0000000775980000)
  object space 150016K, 13% used [0x00000006e0c00000,0x00000006e1fd1ed8,0x00000006e9e80000)
 Metaspace       used 50676K, capacity 53682K, committed 53888K, reserved 1095680K
  class space    used 6942K, capacity 7468K, committed 7552K, reserved 1048576K
Event: 64.464 GC heap after
Heap after GC invocations=10 (full 2):
 PSYoungGen      total 184832K, used 5768K [0x0000000775980000, 0x0000000781c00000, 0x00000007c0000000)
  eden space 171520K, 0% used [0x0000000775980000,0x0000000775980000,0x0000000780100000)
  from space 13312K, 43% used [0x0000000780f00000,0x00000007814a20c0,0x0000000781c00000)
  to   space 13824K, 0% used [0x0000000780100000,0x0000000780100000,0x0000000780e80000)
 ParOldGen       total 150016K, used 20303K [0x00000006e0c00000, 0x00000006e9e80000, 0x0000000775980000)
  object space 150016K, 13% used [0x00000006e0c00000,0x00000006e1fd3ed8,0x00000006e9e80000)
 Metaspace       used 50676K, capacity 53682K, committed 53888K, reserved 1095680K
  class space    used 6942K, capacity 7468K, committed 7552K, reserved 1048576K
}
Event: 64.464 GC heap before
{Heap before GC invocations=11 (full 3):
 PSYoungGen      total 184832K, used 5768K [0x0000000775980000, 0x0000000781c00000, 0x00000007c0000000)
  eden space 171520K, 0% used [0x0000000775980000,0x0000000775980000,0x0000000780100000)
  from space 13312K, 43% used [0x0000000780f00000,0x00000007814a20c0,0x0000000781c00000)
  to   space 13824K, 0% used [0x0000000780100000,0x0000000780100000,0x0000000780e80000)
 ParOldGen       total 150016K, used 20303K [0x00000006e0c00000, 0x00000006e9e80000, 0x0000000775980000)
  object space 150016K, 13% used [0x00000006e0c00000,0x00000006e1fd3ed8,0x00000006e9e80000)
 Metaspace       used 50676K, capacity 53682K, committed 53888K, reserved 1095680K
  class space    used 6942K, capacity 7468K, committed 7552K, reserved 1048576K
Event: 64.562 GC heap after
Heap after GC invocations=11 (full 3):
 PSYoungGen      total 184832K, used 0K [0x0000000775980000, 0x0000000781c00000, 0x00000007c0000000)
  eden space 171520K, 0% used [0x0000000775980000,0x0000000775980000,0x0000000780100000)
  from space 13312K, 0% used [0x0000000780f00000,0x0000000780f00000,0x0000000781c00000)
  to   space 13824K, 0% used [0x0000000780100000,0x0000000780100000,0x0000000780e80000)
 ParOldGen       total 150016K, used 16069K [0x00000006e0c00000, 0x00000006e9e80000, 0x0000000775980000)
  object space 150016K, 10% used [0x00000006e0c00000,0x00000006e1bb1540,0x00000006e9e80000)
 Metaspace       used 50676K, capacity 53682K, committed 53888K, reserved 1095680K
  class space    used 6942K, capacity 7468K, committed 7552K, reserved 1048576K
}

