# JRE version: Java(TM) SE Runtime Environment (8.0_301-b09) (build 1.8.0_301-b09)
# Java VM: Java HotSpot(TM) 64-Bit Server VM (25.301-b09 mixed mode windows-amd64 compressed oops)
Heap:
 PSYoungGen      total 186368K, used 39620K [0x0000000775980000, 0x0000000781f00000, 0x00000007c0000000)
  eden space 173056K, 22% used [0x0000000775980000,0x0000000778031188,0x0000000780280000)
  from space 13312K, 0% used [0x0000000781000000,0x0000000781000000,0x0000000781d00000)
  to   space 13824K, 0% used [0x0000000780280000,0x0000000780280000,0x0000000781000000)
 ParOldGen       total 92160K, used 16103K [0x00000006e0c00000, 0x00000006e6600000, 0x0000000775980000)
  object space 92160K, 17% used [0x00000006e0c00000,0x00000006e1bb9d18,0x00000006e6600000)
 Metaspace       used 50941K, capacity 53972K, committed 54104K, reserved 1095680K
  class space    used 6978K, capacity 7504K, committed 7512K, reserved 1048576K
GC Heap History (10 events):
Event: 3.094 GC heap before
{Heap before GC invocations=7 (full 1):
 PSYoungGen      total 124928K, used 95261K [0x0000000775980000, 0x0000000781d00000, 0x00000007c0000000)
  eden space 115712K, 74% used [0x0000000775980000,0x000000077ad8c6f0,0x000000077ca80000)
  from space 9216K, 99% used [0x000000077ca80000,0x000000077d37ad28,0x000000077d380000)
  to   space 13312K, 0% used [0x0000000781000000,0x0000000781000000,0x0000000781d00000)
 ParOldGen       total 92160K, used 9329K [0x00000006e0c00000, 0x00000006e6600000, 0x0000000775980000)
  object space 92160K, 10% used [0x00000006e0c00000,0x00000006e151c420,0x00000006e6600000)
 Metaspace       used 33274K, capacity 35326K, committed 35416K, reserved 1079296K
  class space    used 4215K, capacity 4630K, committed 4696K, reserved 1048576K
Event: 3.102 GC heap after
Heap after GC invocations=7 (full 1):
 PSYoungGen      total 186368K, used 10236K [0x0000000775980000, 0x0000000781f00000, 0x00000007c0000000)
  eden space 173056K, 0% used [0x0000000775980000,0x0000000775980000,0x0000000780280000)
  from space 13312K, 76% used [0x0000000781000000,0x00000007819ff098,0x0000000781d00000)
  to   space 13824K, 0% used [0x0000000780280000,0x0000000780280000,0x0000000781000000)
 ParOldGen       total 92160K, used 9337K [0x00000006e0c00000, 0x00000006e6600000, 0x0000000775980000)
  object space 92160K, 10% used [0x00000006e0c00000,0x00000006e151e420,0x00000006e6600000)
 Metaspace       used 33274K, capacity 35326K, committed 35416K, reserved 1079296K
  class space    used 4215K, capacity 4630K, committed 4696K, reserved 1048576K
}
Event: 3.102 GC heap before
{Heap before GC invocations=8 (full 2):
 PSYoungGen      total 186368K, used 10236K [0x0000000775980000, 0x0000000781f00000, 0x00000007c0000000)
  eden space 173056K, 0% used [0x0000000775980000,0x0000000775980000,0x0000000780280000)
  from space 13312K, 76% used [0x0000000781000000,0x00000007819ff098,0x0000000781d00000)
  to   space 13824K, 0% used [0x0000000780280000,0x0000000780280000,0x0000000781000000)
 ParOldGen       total 92160K, used 9337K [0x00000006e0c00000, 0x00000006e6600000, 0x0000000775980000)
  object space 92160K, 10% used [0x00000006e0c00000,0x00000006e151e420,0x00000006e6600000)
 Metaspace       used 33274K, capacity 35326K, committed 35416K, reserved 1079296K
  class space    used 4215K, capacity 4630K, committed 4696K, reserved 1048576K
Event: 3.136 GC heap after
Heap after GC invocations=8 (full 2):
 PSYoungGen      total 186368K, used 0K [0x0000000775980000, 0x0000000781f00000, 0x00000007c0000000)
  eden space 173056K, 0% used [0x0000000775980000,0x0000000775980000,0x0000000780280000)
  from space 13312K, 0% used [0x0000000781000000,0x0000000781000000,0x0000000781d00000)
  to   space 13824K, 0% used [0x0000000780280000,0x0000000780280000,0x0000000781000000)
 ParOldGen       total 92160K, used 14603K [0x00000006e0c00000, 0x00000006e6600000, 0x0000000775980000)
  object space 92160K, 15% used [0x00000006e0c00000,0x00000006e1a42e68,0x00000006e6600000)
 Metaspace       used 33274K, capacity 35326K, committed 35416K, reserved 1079296K
  class space    used 4215K, capacity 4630K, committed 4696K, reserved 1048576K
}
Event: 6.874 GC heap before
{Heap before GC invocations=9 (full 2):
 PSYoungGen      total 186368K, used 173056K [0x0000000775980000, 0x0000000781f00000, 0x00000007c0000000)
  eden space 173056K, 100% used [0x0000000775980000,0x0000000780280000,0x0000000780280000)
  from space 13312K, 0% used [0x0000000781000000,0x0000000781000000,0x0000000781d00000)
  to   space 13824K, 0% used [0x0000000780280000,0x0000000780280000,0x0000000781000000)
 ParOldGen       total 92160K, used 14603K [0x00000006e0c00000, 0x00000006e6600000, 0x0000000775980000)
  object space 92160K, 15% used [0x00000006e0c00000,0x00000006e1a42e68,0x00000006e6600000)
 Metaspace       used 50651K, capacity 53600K, committed 53848K, reserved 1095680K
  class space    used 6935K, capacity 7478K, committed 7512K, reserved 1048576K
Event: 6.892 GC heap after
Heap after GC invocations=9 (full 2):
 PSYoungGen      total 186880K, used 13821K [0x0000000775980000, 0x0000000781f00000, 0x00000007c0000000)
  eden space 173056K, 0% used [0x0000000775980000,0x0000000775980000,0x0000000780280000)
  from space 13824K, 99% used [0x0000000780280000,0x0000000780fff640,0x0000000781000000)
  to   space 13312K, 0% used [0x0000000781000000,0x0000000781000000,0x0000000781d00000)
 ParOldGen       total 92160K, used 20542K [0x00000006e0c00000, 0x00000006e6600000, 0x0000000775980000)
  object space 92160K, 22% used [0x00000006e0c00000,0x00000006e200f8f8,0x00000006e6600000)
 Metaspace       used 50651K, capacity 53600K, committed 53848K, reserved 1095680K
  class space    used 6935K, capacity 7478K, committed 7512K, reserved 1048576K
}
Event: 26.674 GC heap before
{Heap before GC invocations=10 (full 2):
 PSYoungGen      total 186880K, used 36344K [0x0000000775980000, 0x0000000781f00000, 0x00000007c0000000)
  eden space 173056K, 13% used [0x0000000775980000,0x0000000776f7eb68,0x0000000780280000)
  from space 13824K, 99% used [0x0000000780280000,0x0000000780fff640,0x0000000781000000)
  to   space 13312K, 0% used [0x0000000781000000,0x0000000781000000,0x0000000781d00000)
 ParOldGen       total 92160K, used 20542K [0x00000006e0c00000, 0x00000006e6600000, 0x0000000775980000)
  object space 92160K, 22% used [0x00000006e0c00000,0x00000006e200f8f8,0x00000006e6600000)
 Metaspace       used 50860K, capacity 53876K, committed 54104K, reserved 1095680K
  class space    used 6974K, capacity 7499K, committed 7512K, reserved 1048576K
Event: 26.679 GC heap after
Heap after GC invocations=10 (full 2):
 PSYoungGen      total 186368K, used 5896K [0x0000000775980000, 0x0000000781f00000, 0x00000007c0000000)
  eden space 173056K, 0% used [0x0000000775980000,0x0000000775980000,0x0000000780280000)
  from space 13312K, 44% used [0x0000000781000000,0x00000007815c20e0,0x0000000781d00000)
  to   space 13824K, 0% used [0x0000000780280000,0x0000000780280000,0x0000000781000000)
 ParOldGen       total 92160K, used 20550K [0x00000006e0c00000, 0x00000006e6600000, 0x0000000775980000)
  object space 92160K, 22% used [0x00000006e0c00000,0x00000006e20118f8,0x00000006e6600000)
 Metaspace       used 50860K, capacity 53876K, committed 54104K, reserved 1095680K
  class space    used 6974K, capacity 7499K, committed 7512K, reserved 1048576K
}
Event: 26.679 GC heap before
{Heap before GC invocations=11 (full 3):
 PSYoungGen      total 186368K, used 5896K [0x0000000775980000, 0x0000000781f00000, 0x00000007c0000000)
  eden space 173056K, 0% used [0x0000000775980000,0x0000000775980000,0x0000000780280000)
  from space 13312K, 44% used [0x0000000781000000,0x00000007815c20e0,0x0000000781d00000)
  to   space 13824K, 0% used [0x0000000780280000,0x0000000780280000,0x0000000781000000)
 ParOldGen       total 92160K, used 20550K [0x00000006e0c00000, 0x00000006e6600000, 0x0000000775980000)
  object space 92160K, 22% used [0x00000006e0c00000,0x00000006e20118f8,0x00000006e6600000)
 Metaspace       used 50860K, capacity 53876K, committed 54104K, reserved 1095680K
  class space    used 6974K, capacity 7499K, committed 7512K, reserved 1048576K
Event: 26.791 GC heap after
Heap after GC invocations=11 (full 3):
 PSYoungGen      total 186368K, used 0K [0x0000000775980000, 0x0000000781f00000, 0x00000007c0000000)
  eden space 173056K, 0% used [0x0000000775980000,0x0000000775980000,0x0000000780280000)
  from space 13312K, 0% used [0x0000000781000000,0x0000000781000000,0x0000000781d00000)
  to   space 13824K, 0% used [0x0000000780280000,0x0000000780280000,0x0000000781000000)
 ParOldGen       total 92160K, used 16103K [0x00000006e0c00000, 0x00000006e6600000, 0x0000000775980000)
  object space 92160K, 17% used [0x00000006e0c00000,0x00000006e1bb9d18,0x00000006e6600000)
 Metaspace       used 50860K, capacity 53876K, committed 54104K, reserved 1095680K
  class space    used 6974K, capacity 7499K, committed 7512K, reserved 1048576K
}

