# JRE version: Java(TM) SE Runtime Environment (8.0_301-b09) (build 1.8.0_301-b09)
# Java VM: Java HotSpot(TM) 64-Bit Server VM (25.301-b09 mixed mode windows-amd64 compressed oops)
Heap:
 PSYoungGen      total 184320K, used 120797K [0x0000000775980000, 0x0000000781c00000, 0x00000007c0000000)
  eden space 172544K, 70% used [0x0000000775980000,0x000000077cf777e0,0x0000000780200000)
  from space 11776K, 0% used [0x0000000781080000,0x0000000781080000,0x0000000781c00000)
  to   space 13312K, 0% used [0x0000000780200000,0x0000000780200000,0x0000000780f00000)
 ParOldGen       total 144896K, used 14091K [0x00000006e0c00000, 0x00000006e9980000, 0x0000000775980000)
  object space 144896K, 9% used [0x00000006e0c00000,0x00000006e19c2d78,0x00000006e9980000)
 Metaspace       used 47354K, capacity 49902K, committed 50008K, reserved 1091584K
  class space    used 6466K, capacity 6934K, committed 7040K, reserved 1048576K
GC Heap History (10 events):
Event: 1.247 GC heap before
{Heap before GC invocations=4 (full 0):
 PSYoungGen      total 67072K, used 19898K [0x0000000775980000, 0x000000077dc80000, 0x00000007c0000000)
  eden space 57856K, 21% used [0x0000000775980000,0x00000007765cbe50,0x0000000779200000)
  from space 9216K, 79% used [0x0000000779200000,0x0000000779922cc0,0x0000000779b00000)
  to   space 9216K, 0% used [0x000000077d380000,0x000000077d380000,0x000000077dc80000)
 ParOldGen       total 153088K, used 1040K [0x00000006e0c00000, 0x00000006ea180000, 0x0000000775980000)
  object space 153088K, 0% used [0x00000006e0c00000,0x00000006e0d04220,0x00000006ea180000)
 Metaspace       used 20220K, capacity 21160K, committed 21248K, reserved 1067008K
  class space    used 2528K, capacity 2737K, committed 2816K, reserved 1048576K
Event: 1.252 GC heap after
Heap after GC invocations=4 (full 0):
 PSYoungGen      total 124928K, used 6204K [0x0000000775980000, 0x000000077dc80000, 0x00000007c0000000)
  eden space 115712K, 0% used [0x0000000775980000,0x0000000775980000,0x000000077ca80000)
  from space 9216K, 67% used [0x000000077d380000,0x000000077d98f1f8,0x000000077dc80000)
  to   space 9216K, 0% used [0x000000077ca80000,0x000000077ca80000,0x000000077d380000)
 ParOldGen       total 153088K, used 1048K [0x00000006e0c00000, 0x00000006ea180000, 0x0000000775980000)
  object space 153088K, 0% used [0x00000006e0c00000,0x00000006e0d06220,0x00000006ea180000)
 Metaspace       used 20220K, capacity 21160K, committed 21248K, reserved 1067008K
  class space    used 2528K, capacity 2737K, committed 2816K, reserved 1048576K
}
Event: 1.252 GC heap before
{Heap before GC invocations=5 (full 1):
 PSYoungGen      total 124928K, used 6204K [0x0000000775980000, 0x000000077dc80000, 0x00000007c0000000)
  eden space 115712K, 0% used [0x0000000775980000,0x0000000775980000,0x000000077ca80000)
  from space 9216K, 67% used [0x000000077d380000,0x000000077d98f1f8,0x000000077dc80000)
  to   space 9216K, 0% used [0x000000077ca80000,0x000000077ca80000,0x000000077d380000)
 ParOldGen       total 153088K, used 1048K [0x00000006e0c00000, 0x00000006ea180000, 0x0000000775980000)
  object space 153088K, 0% used [0x00000006e0c00000,0x00000006e0d06220,0x00000006ea180000)
 Metaspace       used 20220K, capacity 21160K, committed 21248K, reserved 1067008K
  class space    used 2528K, capacity 2737K, committed 2816K, reserved 1048576K
Event: 1.275 GC heap after
Heap after GC invocations=5 (full 1):
 PSYoungGen      total 124928K, used 0K [0x0000000775980000, 0x000000077dc80000, 0x00000007c0000000)
  eden space 115712K, 0% used [0x0000000775980000,0x0000000775980000,0x000000077ca80000)
  from space 9216K, 0% used [0x000000077d380000,0x000000077d380000,0x000000077dc80000)
  to   space 9216K, 0% used [0x000000077ca80000,0x000000077ca80000,0x000000077d380000)
 ParOldGen       total 91136K, used 6035K [0x00000006e0c00000, 0x00000006e6500000, 0x0000000775980000)
  object space 91136K, 6% used [0x00000006e0c00000,0x00000006e11e4d38,0x00000006e6500000)
 Metaspace       used 20220K, capacity 21160K, committed 21248K, reserved 1067008K
  class space    used 2528K, capacity 2737K, committed 2816K, reserved 1048576K
}
Event: 2.546 GC heap before
{Heap before GC invocations=6 (full 1):
 PSYoungGen      total 124928K, used 115684K [0x0000000775980000, 0x000000077dc80000, 0x00000007c0000000)
  eden space 115712K, 99% used [0x0000000775980000,0x000000077ca790a0,0x000000077ca80000)
  from space 9216K, 0% used [0x000000077d380000,0x000000077d380000,0x000000077dc80000)
  to   space 9216K, 0% used [0x000000077ca80000,0x000000077ca80000,0x000000077d380000)
 ParOldGen       total 91136K, used 6035K [0x00000006e0c00000, 0x00000006e6500000, 0x0000000775980000)
  object space 91136K, 6% used [0x00000006e0c00000,0x00000006e11e4d38,0x00000006e6500000)
 Metaspace       used 29154K, capacity 31042K, committed 31360K, reserved 1077248K
  class space    used 3752K, capacity 4102K, committed 4224K, reserved 1048576K
Event: 2.555 GC heap after
Heap after GC invocations=6 (full 1):
 PSYoungGen      total 124928K, used 9211K [0x0000000775980000, 0x0000000781d80000, 0x00000007c0000000)
  eden space 115712K, 0% used [0x0000000775980000,0x0000000775980000,0x000000077ca80000)
  from space 9216K, 99% used [0x000000077ca80000,0x000000077d37ef40,0x000000077d380000)
  to   space 13312K, 0% used [0x0000000781080000,0x0000000781080000,0x0000000781d80000)
 ParOldGen       total 91136K, used 9181K [0x00000006e0c00000, 0x00000006e6500000, 0x0000000775980000)
  object space 91136K, 10% used [0x00000006e0c00000,0x00000006e14f7518,0x00000006e6500000)
 Metaspace       used 29154K, capacity 31042K, committed 31360K, reserved 1077248K
  class space    used 3752K, capacity 4102K, committed 4224K, reserved 1048576K
}
Event: 3.087 GC heap before
{Heap before GC invocations=7 (full 1):
 PSYoungGen      total 124928K, used 104261K [0x0000000775980000, 0x0000000781d80000, 0x00000007c0000000)
  eden space 115712K, 82% used [0x0000000775980000,0x000000077b6525b0,0x000000077ca80000)
  from space 9216K, 99% used [0x000000077ca80000,0x000000077d37ef40,0x000000077d380000)
  to   space 13312K, 0% used [0x0000000781080000,0x0000000781080000,0x0000000781d80000)
 ParOldGen       total 91136K, used 9181K [0x00000006e0c00000, 0x00000006e6500000, 0x0000000775980000)
  object space 91136K, 10% used [0x00000006e0c00000,0x00000006e14f7518,0x00000006e6500000)
 Metaspace       used 33345K, capacity 35366K, committed 35416K, reserved 1079296K
  class space    used 4306K, capacity 4700K, committed 4736K, reserved 1048576K
Event: 3.095 GC heap after
Heap after GC invocations=7 (full 1):
 PSYoungGen      total 184320K, used 9802K [0x0000000775980000, 0x0000000781c00000, 0x00000007c0000000)
  eden space 172544K, 0% used [0x0000000775980000,0x0000000775980000,0x0000000780200000)
  from space 11776K, 83% used [0x0000000781080000,0x0000000781a12b10,0x0000000781c00000)
  to   space 13312K, 0% used [0x0000000780200000,0x0000000780200000,0x0000000780f00000)
 ParOldGen       total 91136K, used 9189K [0x00000006e0c00000, 0x00000006e6500000, 0x0000000775980000)
  object space 91136K, 10% used [0x00000006e0c00000,0x00000006e14f9518,0x00000006e6500000)
 Metaspace       used 33345K, capacity 35366K, committed 35416K, reserved 1079296K
  class space    used 4306K, capacity 4700K, committed 4736K, reserved 1048576K
}
Event: 3.095 GC heap before
{Heap before GC invocations=8 (full 2):
 PSYoungGen      total 184320K, used 9802K [0x0000000775980000, 0x0000000781c00000, 0x00000007c0000000)
  eden space 172544K, 0% used [0x0000000775980000,0x0000000775980000,0x0000000780200000)
  from space 11776K, 83% used [0x0000000781080000,0x0000000781a12b10,0x0000000781c00000)
  to   space 13312K, 0% used [0x0000000780200000,0x0000000780200000,0x0000000780f00000)
 ParOldGen       total 91136K, used 9189K [0x00000006e0c00000, 0x00000006e6500000, 0x0000000775980000)
  object space 91136K, 10% used [0x00000006e0c00000,0x00000006e14f9518,0x00000006e6500000)
 Metaspace       used 33345K, capacity 35366K, committed 35416K, reserved 1079296K
  class space    used 4306K, capacity 4700K, committed 4736K, reserved 1048576K
Event: 3.131 GC heap after
Heap after GC invocations=8 (full 2):
 PSYoungGen      total 184320K, used 0K [0x0000000775980000, 0x0000000781c00000, 0x00000007c0000000)
  eden space 172544K, 0% used [0x0000000775980000,0x0000000775980000,0x0000000780200000)
  from space 11776K, 0% used [0x0000000781080000,0x0000000781080000,0x0000000781c00000)
  to   space 13312K, 0% used [0x0000000780200000,0x0000000780200000,0x0000000780f00000)
 ParOldGen       total 144896K, used 14091K [0x00000006e0c00000, 0x00000006e9980000, 0x0000000775980000)
  object space 144896K, 9% used [0x00000006e0c00000,0x00000006e19c2d78,0x00000006e9980000)
 Metaspace       used 33345K, capacity 35366K, committed 35416K, reserved 1079296K
  class space    used 4306K, capacity 4700K, committed 4736K, reserved 1048576K
}

