# JRE version: Java(TM) SE Runtime Environment (8.0_301-b09) (build 1.8.0_301-b09)
# Java VM: Java HotSpot(TM) 64-Bit Server VM (25.301-b09 mixed mode windows-amd64 compressed oops)
Heap:
 PSYoungGen      total 183808K, used 130195K [0x0000000775980000, 0x0000000781b80000, 0x00000007c0000000)
  eden space 171008K, 76% used [0x0000000775980000,0x000000077d8a4d38,0x0000000780080000)
  from space 12800K, 0% used [0x0000000780f00000,0x0000000780f00000,0x0000000781b80000)
  to   space 13824K, 0% used [0x0000000780080000,0x0000000780080000,0x0000000780e00000)
 ParOldGen       total 149504K, used 14752K [0x00000006e0c00000, 0x00000006e9e00000, 0x0000000775980000)
  object space 149504K, 9% used [0x00000006e0c00000,0x00000006e1a68258,0x00000006e9e00000)
 Metaspace       used 47238K, capacity 49780K, committed 49920K, reserved 1091584K
  class space    used 6441K, capacity 6905K, committed 6912K, reserved 1048576K
GC Heap History (10 events):
Event: 1.280 GC heap before
{Heap before GC invocations=4 (full 0):
 PSYoungGen      total 67072K, used 18405K [0x0000000775980000, 0x000000077dc80000, 0x00000007c0000000)
  eden space 57856K, 19% used [0x0000000775980000,0x0000000776497f90,0x0000000779200000)
  from space 9216K, 76% used [0x0000000779200000,0x00000007798e1848,0x0000000779b00000)
  to   space 9216K, 0% used [0x000000077d380000,0x000000077d380000,0x000000077dc80000)
 ParOldGen       total 153088K, used 1347K [0x00000006e0c00000, 0x00000006ea180000, 0x0000000775980000)
  object space 153088K, 0% used [0x00000006e0c00000,0x00000006e0d50c18,0x00000006ea180000)
 Metaspace       used 20202K, capacity 21160K, committed 21248K, reserved 1067008K
  class space    used 2520K, capacity 2737K, committed 2816K, reserved 1048576K
Event: 1.285 GC heap after
Heap after GC invocations=4 (full 0):
 PSYoungGen      total 124928K, used 6173K [0x0000000775980000, 0x000000077dc80000, 0x00000007c0000000)
  eden space 115712K, 0% used [0x0000000775980000,0x0000000775980000,0x000000077ca80000)
  from space 9216K, 66% used [0x000000077d380000,0x000000077d987450,0x000000077dc80000)
  to   space 9216K, 0% used [0x000000077ca80000,0x000000077ca80000,0x000000077d380000)
 ParOldGen       total 153088K, used 1355K [0x00000006e0c00000, 0x00000006ea180000, 0x0000000775980000)
  object space 153088K, 0% used [0x00000006e0c00000,0x00000006e0d52c18,0x00000006ea180000)
 Metaspace       used 20202K, capacity 21160K, committed 21248K, reserved 1067008K
  class space    used 2520K, capacity 2737K, committed 2816K, reserved 1048576K
}
Event: 1.285 GC heap before
{Heap before GC invocations=5 (full 1):
 PSYoungGen      total 124928K, used 6173K [0x0000000775980000, 0x000000077dc80000, 0x00000007c0000000)
  eden space 115712K, 0% used [0x0000000775980000,0x0000000775980000,0x000000077ca80000)
  from space 9216K, 66% used [0x000000077d380000,0x000000077d987450,0x000000077dc80000)
  to   space 9216K, 0% used [0x000000077ca80000,0x000000077ca80000,0x000000077d380000)
 ParOldGen       total 153088K, used 1355K [0x00000006e0c00000, 0x00000006ea180000, 0x0000000775980000)
  object space 153088K, 0% used [0x00000006e0c00000,0x00000006e0d52c18,0x00000006ea180000)
 Metaspace       used 20202K, capacity 21160K, committed 21248K, reserved 1067008K
  class space    used 2520K, capacity 2737K, committed 2816K, reserved 1048576K
Event: 1.305 GC heap after
Heap after GC invocations=5 (full 1):
 PSYoungGen      total 124928K, used 0K [0x0000000775980000, 0x000000077dc80000, 0x00000007c0000000)
  eden space 115712K, 0% used [0x0000000775980000,0x0000000775980000,0x000000077ca80000)
  from space 9216K, 0% used [0x000000077d380000,0x000000077d380000,0x000000077dc80000)
  to   space 9216K, 0% used [0x000000077ca80000,0x000000077ca80000,0x000000077d380000)
 ParOldGen       total 92672K, used 6007K [0x00000006e0c00000, 0x00000006e6680000, 0x0000000775980000)
  object space 92672K, 6% used [0x00000006e0c00000,0x00000006e11ddfd0,0x00000006e6680000)
 Metaspace       used 20202K, capacity 21160K, committed 21248K, reserved 1067008K
  class space    used 2520K, capacity 2737K, committed 2816K, reserved 1048576K
}
Event: 2.591 GC heap before
{Heap before GC invocations=6 (full 1):
 PSYoungGen      total 124928K, used 115684K [0x0000000775980000, 0x000000077dc80000, 0x00000007c0000000)
  eden space 115712K, 99% used [0x0000000775980000,0x000000077ca79290,0x000000077ca80000)
  from space 9216K, 0% used [0x000000077d380000,0x000000077d380000,0x000000077dc80000)
  to   space 9216K, 0% used [0x000000077ca80000,0x000000077ca80000,0x000000077d380000)
 ParOldGen       total 92672K, used 6007K [0x00000006e0c00000, 0x00000006e6680000, 0x0000000775980000)
  object space 92672K, 6% used [0x00000006e0c00000,0x00000006e11ddfd0,0x00000006e6680000)
 Metaspace       used 29168K, capacity 31056K, committed 31360K, reserved 1077248K
  class space    used 3750K, capacity 4103K, committed 4224K, reserved 1048576K
Event: 2.599 GC heap after
Heap after GC invocations=6 (full 1):
 PSYoungGen      total 124928K, used 9207K [0x0000000775980000, 0x0000000781c00000, 0x00000007c0000000)
  eden space 115712K, 0% used [0x0000000775980000,0x0000000775980000,0x000000077ca80000)
  from space 9216K, 99% used [0x000000077ca80000,0x000000077d37de88,0x000000077d380000)
  to   space 13312K, 0% used [0x0000000780f00000,0x0000000780f00000,0x0000000781c00000)
 ParOldGen       total 92672K, used 9285K [0x00000006e0c00000, 0x00000006e6680000, 0x0000000775980000)
  object space 92672K, 10% used [0x00000006e0c00000,0x00000006e15116f0,0x00000006e6680000)
 Metaspace       used 29168K, capacity 31056K, committed 31360K, reserved 1077248K
  class space    used 3750K, capacity 4103K, committed 4224K, reserved 1048576K
}
Event: 3.261 GC heap before
{Heap before GC invocations=7 (full 1):
 PSYoungGen      total 124928K, used 98941K [0x0000000775980000, 0x0000000781c00000, 0x00000007c0000000)
  eden space 115712K, 77% used [0x0000000775980000,0x000000077b121740,0x000000077ca80000)
  from space 9216K, 99% used [0x000000077ca80000,0x000000077d37de88,0x000000077d380000)
  to   space 13312K, 0% used [0x0000000780f00000,0x0000000780f00000,0x0000000781c00000)
 ParOldGen       total 92672K, used 9285K [0x00000006e0c00000, 0x00000006e6680000, 0x0000000775980000)
  object space 92672K, 10% used [0x00000006e0c00000,0x00000006e15116f0,0x00000006e6680000)
 Metaspace       used 33321K, capacity 35338K, committed 35416K, reserved 1081344K
  class space    used 4220K, capacity 4606K, committed 4608K, reserved 1048576K
Event: 3.269 GC heap after
Heap after GC invocations=7 (full 1):
 PSYoungGen      total 183808K, used 10404K [0x0000000775980000, 0x0000000781b80000, 0x00000007c0000000)
  eden space 171008K, 0% used [0x0000000775980000,0x0000000775980000,0x0000000780080000)
  from space 12800K, 81% used [0x0000000780f00000,0x00000007819292e0,0x0000000781b80000)
  to   space 13824K, 0% used [0x0000000780080000,0x0000000780080000,0x0000000780e00000)
 ParOldGen       total 92672K, used 9293K [0x00000006e0c00000, 0x00000006e6680000, 0x0000000775980000)
  object space 92672K, 10% used [0x00000006e0c00000,0x00000006e15136f0,0x00000006e6680000)
 Metaspace       used 33321K, capacity 35338K, committed 35416K, reserved 1081344K
  class space    used 4220K, capacity 4606K, committed 4608K, reserved 1048576K
}
Event: 3.269 GC heap before
{Heap before GC invocations=8 (full 2):
 PSYoungGen      total 183808K, used 10404K [0x0000000775980000, 0x0000000781b80000, 0x00000007c0000000)
  eden space 171008K, 0% used [0x0000000775980000,0x0000000775980000,0x0000000780080000)
  from space 12800K, 81% used [0x0000000780f00000,0x00000007819292e0,0x0000000781b80000)
  to   space 13824K, 0% used [0x0000000780080000,0x0000000780080000,0x0000000780e00000)
 ParOldGen       total 92672K, used 9293K [0x00000006e0c00000, 0x00000006e6680000, 0x0000000775980000)
  object space 92672K, 10% used [0x00000006e0c00000,0x00000006e15136f0,0x00000006e6680000)
 Metaspace       used 33321K, capacity 35338K, committed 35416K, reserved 1081344K
  class space    used 4220K, capacity 4606K, committed 4608K, reserved 1048576K
Event: 3.305 GC heap after
Heap after GC invocations=8 (full 2):
 PSYoungGen      total 183808K, used 0K [0x0000000775980000, 0x0000000781b80000, 0x00000007c0000000)
  eden space 171008K, 0% used [0x0000000775980000,0x0000000775980000,0x0000000780080000)
  from space 12800K, 0% used [0x0000000780f00000,0x0000000780f00000,0x0000000781b80000)
  to   space 13824K, 0% used [0x0000000780080000,0x0000000780080000,0x0000000780e00000)
 ParOldGen       total 149504K, used 14752K [0x00000006e0c00000, 0x00000006e9e00000, 0x0000000775980000)
  object space 149504K, 9% used [0x00000006e0c00000,0x00000006e1a68258,0x00000006e9e00000)
 Metaspace       used 33321K, capacity 35338K, committed 35416K, reserved 1081344K
  class space    used 4220K, capacity 4606K, committed 4608K, reserved 1048576K
}

