# JRE version: Java(TM) SE Runtime Environment (8.0_301-b09) (build 1.8.0_301-b09)
# Java VM: Java HotSpot(TM) 64-Bit Server VM (25.301-b09 mixed mode windows-amd64 compressed oops)
Heap:
 PSYoungGen      total 186880K, used 22262K [0x0000000775980000, 0x0000000781d00000, 0x00000007c0000000)
  eden space 173568K, 12% used [0x0000000775980000,0x0000000776f3d9b8,0x0000000780300000)
  from space 13312K, 0% used [0x0000000781000000,0x0000000781000000,0x0000000781d00000)
  to   space 13312K, 0% used [0x0000000780300000,0x0000000780300000,0x0000000781000000)
 ParOldGen       total 92160K, used 14061K [0x00000006e0c00000, 0x00000006e6600000, 0x0000000775980000)
  object space 92160K, 15% used [0x00000006e0c00000,0x00000006e19bb588,0x00000006e6600000)
 Metaspace       used 35297K, capacity 37438K, committed 37592K, reserved 1081344K
  class space    used 4694K, capacity 5111K, committed 5120K, reserved 1048576K
GC Heap History (10 events):
Event: 1.211 GC heap before
{Heap before GC invocations=4 (full 0):
 PSYoungGen      total 67072K, used 20455K [0x0000000775980000, 0x000000077dc80000, 0x00000007c0000000)
  eden space 57856K, 23% used [0x0000000775980000,0x00000007766a2fa0,0x0000000779200000)
  from space 9216K, 75% used [0x0000000779200000,0x00000007798d6ff8,0x0000000779b00000)
  to   space 9216K, 0% used [0x000000077d380000,0x000000077d380000,0x000000077dc80000)
 ParOldGen       total 153088K, used 1294K [0x00000006e0c00000, 0x00000006ea180000, 0x0000000775980000)
  object space 153088K, 0% used [0x00000006e0c00000,0x00000006e0d43a38,0x00000006ea180000)
 Metaspace       used 20257K, capacity 21164K, committed 21248K, reserved 1067008K
  class space    used 2532K, capacity 2737K, committed 2816K, reserved 1048576K
Event: 1.216 GC heap after
Heap after GC invocations=4 (full 0):
 PSYoungGen      total 124928K, used 6389K [0x0000000775980000, 0x000000077dc80000, 0x00000007c0000000)
  eden space 115712K, 0% used [0x0000000775980000,0x0000000775980000,0x000000077ca80000)
  from space 9216K, 69% used [0x000000077d380000,0x000000077d9bd550,0x000000077dc80000)
  to   space 9216K, 0% used [0x000000077ca80000,0x000000077ca80000,0x000000077d380000)
 ParOldGen       total 153088K, used 1302K [0x00000006e0c00000, 0x00000006ea180000, 0x0000000775980000)
  object space 153088K, 0% used [0x00000006e0c00000,0x00000006e0d45a38,0x00000006ea180000)
 Metaspace       used 20257K, capacity 21164K, committed 21248K, reserved 1067008K
  class space    used 2532K, capacity 2737K, committed 2816K, reserved 1048576K
}
Event: 1.216 GC heap before
{Heap before GC invocations=5 (full 1):
 PSYoungGen      total 124928K, used 6389K [0x0000000775980000, 0x000000077dc80000, 0x00000007c0000000)
  eden space 115712K, 0% used [0x0000000775980000,0x0000000775980000,0x000000077ca80000)
  from space 9216K, 69% used [0x000000077d380000,0x000000077d9bd550,0x000000077dc80000)
  to   space 9216K, 0% used [0x000000077ca80000,0x000000077ca80000,0x000000077d380000)
 ParOldGen       total 153088K, used 1302K [0x00000006e0c00000, 0x00000006ea180000, 0x0000000775980000)
  object space 153088K, 0% used [0x00000006e0c00000,0x00000006e0d45a38,0x00000006ea180000)
 Metaspace       used 20257K, capacity 21164K, committed 21248K, reserved 1067008K
  class space    used 2532K, capacity 2737K, committed 2816K, reserved 1048576K
Event: 1.235 GC heap after
Heap after GC invocations=5 (full 1):
 PSYoungGen      total 124928K, used 0K [0x0000000775980000, 0x000000077dc80000, 0x00000007c0000000)
  eden space 115712K, 0% used [0x0000000775980000,0x0000000775980000,0x000000077ca80000)
  from space 9216K, 0% used [0x000000077d380000,0x000000077d380000,0x000000077dc80000)
  to   space 9216K, 0% used [0x000000077ca80000,0x000000077ca80000,0x000000077d380000)
 ParOldGen       total 92160K, used 6228K [0x00000006e0c00000, 0x00000006e6600000, 0x0000000775980000)
  object space 92160K, 6% used [0x00000006e0c00000,0x00000006e1215190,0x00000006e6600000)
 Metaspace       used 20257K, capacity 21164K, committed 21248K, reserved 1067008K
  class space    used 2532K, capacity 2737K, committed 2816K, reserved 1048576K
}
Event: 2.459 GC heap before
{Heap before GC invocations=6 (full 1):
 PSYoungGen      total 124928K, used 115658K [0x0000000775980000, 0x000000077dc80000, 0x00000007c0000000)
  eden space 115712K, 99% used [0x0000000775980000,0x000000077ca728c8,0x000000077ca80000)
  from space 9216K, 0% used [0x000000077d380000,0x000000077d380000,0x000000077dc80000)
  to   space 9216K, 0% used [0x000000077ca80000,0x000000077ca80000,0x000000077d380000)
 ParOldGen       total 92160K, used 6228K [0x00000006e0c00000, 0x00000006e6600000, 0x0000000775980000)
  object space 92160K, 6% used [0x00000006e0c00000,0x00000006e1215190,0x00000006e6600000)
 Metaspace       used 29155K, capacity 30986K, committed 31360K, reserved 1077248K
  class space    used 3750K, capacity 4102K, committed 4224K, reserved 1048576K
Event: 2.468 GC heap after
Heap after GC invocations=6 (full 1):
 PSYoungGen      total 124928K, used 9188K [0x0000000775980000, 0x0000000781d00000, 0x00000007c0000000)
  eden space 115712K, 0% used [0x0000000775980000,0x0000000775980000,0x000000077ca80000)
  from space 9216K, 99% used [0x000000077ca80000,0x000000077d379190,0x000000077d380000)
  to   space 13312K, 0% used [0x0000000781000000,0x0000000781000000,0x0000000781d00000)
 ParOldGen       total 92160K, used 9216K [0x00000006e0c00000, 0x00000006e6600000, 0x0000000775980000)
  object space 92160K, 10% used [0x00000006e0c00000,0x00000006e1500130,0x00000006e6600000)
 Metaspace       used 29155K, capacity 30986K, committed 31360K, reserved 1077248K
  class space    used 3750K, capacity 4102K, committed 4224K, reserved 1048576K
}
Event: 2.965 GC heap before
{Heap before GC invocations=7 (full 1):
 PSYoungGen      total 124928K, used 106690K [0x0000000775980000, 0x0000000781d00000, 0x00000007c0000000)
  eden space 115712K, 84% used [0x0000000775980000,0x000000077b8b7928,0x000000077ca80000)
  from space 9216K, 99% used [0x000000077ca80000,0x000000077d379190,0x000000077d380000)
  to   space 13312K, 0% used [0x0000000781000000,0x0000000781000000,0x0000000781d00000)
 ParOldGen       total 92160K, used 9216K [0x00000006e0c00000, 0x00000006e6600000, 0x0000000775980000)
  object space 92160K, 10% used [0x00000006e0c00000,0x00000006e1500130,0x00000006e6600000)
 Metaspace       used 33339K, capacity 35362K, committed 35416K, reserved 1079296K
  class space    used 4308K, capacity 4700K, committed 4736K, reserved 1048576K
Event: 2.973 GC heap after
Heap after GC invocations=7 (full 1):
 PSYoungGen      total 186880K, used 9696K [0x0000000775980000, 0x0000000781d00000, 0x00000007c0000000)
  eden space 173568K, 0% used [0x0000000775980000,0x0000000775980000,0x0000000780300000)
  from space 13312K, 72% used [0x0000000781000000,0x00000007819783b8,0x0000000781d00000)
  to   space 13312K, 0% used [0x0000000780300000,0x0000000780300000,0x0000000781000000)
 ParOldGen       total 92160K, used 9224K [0x00000006e0c00000, 0x00000006e6600000, 0x0000000775980000)
  object space 92160K, 10% used [0x00000006e0c00000,0x00000006e1502130,0x00000006e6600000)
 Metaspace       used 33339K, capacity 35362K, committed 35416K, reserved 1079296K
  class space    used 4308K, capacity 4700K, committed 4736K, reserved 1048576K
}
Event: 2.973 GC heap before
{Heap before GC invocations=8 (full 2):
 PSYoungGen      total 186880K, used 9696K [0x0000000775980000, 0x0000000781d00000, 0x00000007c0000000)
  eden space 173568K, 0% used [0x0000000775980000,0x0000000775980000,0x0000000780300000)
  from space 13312K, 72% used [0x0000000781000000,0x00000007819783b8,0x0000000781d00000)
  to   space 13312K, 0% used [0x0000000780300000,0x0000000780300000,0x0000000781000000)
 ParOldGen       total 92160K, used 9224K [0x00000006e0c00000, 0x00000006e6600000, 0x0000000775980000)
  object space 92160K, 10% used [0x00000006e0c00000,0x00000006e1502130,0x00000006e6600000)
 Metaspace       used 33339K, capacity 35362K, committed 35416K, reserved 1079296K
  class space    used 4308K, capacity 4700K, committed 4736K, reserved 1048576K
Event: 3.011 GC heap after
Heap after GC invocations=8 (full 2):
 PSYoungGen      total 186880K, used 0K [0x0000000775980000, 0x0000000781d00000, 0x00000007c0000000)
  eden space 173568K, 0% used [0x0000000775980000,0x0000000775980000,0x0000000780300000)
  from space 13312K, 0% used [0x0000000781000000,0x0000000781000000,0x0000000781d00000)
  to   space 13312K, 0% used [0x0000000780300000,0x0000000780300000,0x0000000781000000)
 ParOldGen       total 92160K, used 14061K [0x00000006e0c00000, 0x00000006e6600000, 0x0000000775980000)
  object space 92160K, 15% used [0x00000006e0c00000,0x00000006e19bb588,0x00000006e6600000)
 Metaspace       used 33339K, capacity 35362K, committed 35416K, reserved 1079296K
  class space    used 4308K, capacity 4700K, committed 4736K, reserved 1048576K
}

