# JRE version: Java(TM) SE Runtime Environment (8.0_301-b09) (build 1.8.0_301-b09)
# Java VM: Java HotSpot(TM) 64-Bit Server VM (25.301-b09 mixed mode windows-amd64 compressed oops)
Heap:
 PSYoungGen      total 188928K, used 150195K [0x0000000775980000, 0x0000000782100000, 0x00000007c0000000)
  eden space 175616K, 85% used [0x0000000775980000,0x000000077ec2ce90,0x0000000780500000)
  from space 13312K, 0% used [0x0000000781200000,0x0000000781200000,0x0000000781f00000)
  to   space 13312K, 0% used [0x0000000780500000,0x0000000780500000,0x0000000781200000)
 ParOldGen       total 140288K, used 14111K [0x00000006e0c00000, 0x00000006e9500000, 0x0000000775980000)
  object space 140288K, 10% used [0x00000006e0c00000,0x00000006e19c7f00,0x00000006e9500000)
 Metaspace       used 49821K, capacity 52652K, committed 52952K, reserved 1095680K
  class space    used 6816K, capacity 7338K, committed 7424K, reserved 1048576K
GC Heap History (10 events):
Event: 1.285 GC heap before
{Heap before GC invocations=4 (full 0):
 PSYoungGen      total 67072K, used 22203K [0x0000000775980000, 0x000000077dc80000, 0x00000007c0000000)
  eden space 57856K, 26% used [0x0000000775980000,0x00000007768361f8,0x0000000779200000)
  from space 9216K, 77% used [0x0000000779200000,0x00000007798f8cc8,0x0000000779b00000)
  to   space 9216K, 0% used [0x000000077d380000,0x000000077d380000,0x000000077dc80000)
 ParOldGen       total 153088K, used 1111K [0x00000006e0c00000, 0x00000006ea180000, 0x0000000775980000)
  object space 153088K, 0% used [0x00000006e0c00000,0x00000006e0d15fd0,0x00000006ea180000)
 Metaspace       used 20251K, capacity 21156K, committed 21248K, reserved 1067008K
  class space    used 2531K, capacity 2737K, committed 2816K, reserved 1048576K
Event: 1.290 GC heap after
Heap after GC invocations=4 (full 0):
 PSYoungGen      total 124928K, used 6442K [0x0000000775980000, 0x000000077dc80000, 0x00000007c0000000)
  eden space 115712K, 0% used [0x0000000775980000,0x0000000775980000,0x000000077ca80000)
  from space 9216K, 69% used [0x000000077d380000,0x000000077d9cab98,0x000000077dc80000)
  to   space 9216K, 0% used [0x000000077ca80000,0x000000077ca80000,0x000000077d380000)
 ParOldGen       total 153088K, used 1119K [0x00000006e0c00000, 0x00000006ea180000, 0x0000000775980000)
  object space 153088K, 0% used [0x00000006e0c00000,0x00000006e0d17fd0,0x00000006ea180000)
 Metaspace       used 20251K, capacity 21156K, committed 21248K, reserved 1067008K
  class space    used 2531K, capacity 2737K, committed 2816K, reserved 1048576K
}
Event: 1.290 GC heap before
{Heap before GC invocations=5 (full 1):
 PSYoungGen      total 124928K, used 6442K [0x0000000775980000, 0x000000077dc80000, 0x00000007c0000000)
  eden space 115712K, 0% used [0x0000000775980000,0x0000000775980000,0x000000077ca80000)
  from space 9216K, 69% used [0x000000077d380000,0x000000077d9cab98,0x000000077dc80000)
  to   space 9216K, 0% used [0x000000077ca80000,0x000000077ca80000,0x000000077d380000)
 ParOldGen       total 153088K, used 1119K [0x00000006e0c00000, 0x00000006ea180000, 0x0000000775980000)
  object space 153088K, 0% used [0x00000006e0c00000,0x00000006e0d17fd0,0x00000006ea180000)
 Metaspace       used 20251K, capacity 21156K, committed 21248K, reserved 1067008K
  class space    used 2531K, capacity 2737K, committed 2816K, reserved 1048576K
Event: 1.310 GC heap after
Heap after GC invocations=5 (full 1):
 PSYoungGen      total 124928K, used 0K [0x0000000775980000, 0x000000077dc80000, 0x00000007c0000000)
  eden space 115712K, 0% used [0x0000000775980000,0x0000000775980000,0x000000077ca80000)
  from space 9216K, 0% used [0x000000077d380000,0x000000077d380000,0x000000077dc80000)
  to   space 9216K, 0% used [0x000000077ca80000,0x000000077ca80000,0x000000077d380000)
 ParOldGen       total 91136K, used 6255K [0x00000006e0c00000, 0x00000006e6500000, 0x0000000775980000)
  object space 91136K, 6% used [0x00000006e0c00000,0x00000006e121bd48,0x00000006e6500000)
 Metaspace       used 20251K, capacity 21156K, committed 21248K, reserved 1067008K
  class space    used 2531K, capacity 2737K, committed 2816K, reserved 1048576K
}
Event: 2.709 GC heap before
{Heap before GC invocations=6 (full 1):
 PSYoungGen      total 124928K, used 115703K [0x0000000775980000, 0x000000077dc80000, 0x00000007c0000000)
  eden space 115712K, 99% used [0x0000000775980000,0x000000077ca7de58,0x000000077ca80000)
  from space 9216K, 0% used [0x000000077d380000,0x000000077d380000,0x000000077dc80000)
  to   space 9216K, 0% used [0x000000077ca80000,0x000000077ca80000,0x000000077d380000)
 ParOldGen       total 91136K, used 6255K [0x00000006e0c00000, 0x00000006e6500000, 0x0000000775980000)
  object space 91136K, 6% used [0x00000006e0c00000,0x00000006e121bd48,0x00000006e6500000)
 Metaspace       used 29151K, capacity 31050K, committed 31360K, reserved 1077248K
  class space    used 3750K, capacity 4102K, committed 4224K, reserved 1048576K
Event: 2.720 GC heap after
Heap after GC invocations=6 (full 1):
 PSYoungGen      total 124928K, used 9198K [0x0000000775980000, 0x0000000781f00000, 0x00000007c0000000)
  eden space 115712K, 0% used [0x0000000775980000,0x0000000775980000,0x000000077ca80000)
  from space 9216K, 99% used [0x000000077ca80000,0x000000077d37bbe8,0x000000077d380000)
  to   space 13312K, 0% used [0x0000000781200000,0x0000000781200000,0x0000000781f00000)
 ParOldGen       total 91136K, used 9310K [0x00000006e0c00000, 0x00000006e6500000, 0x0000000775980000)
  object space 91136K, 10% used [0x00000006e0c00000,0x00000006e1517b18,0x00000006e6500000)
 Metaspace       used 29151K, capacity 31050K, committed 31360K, reserved 1077248K
  class space    used 3750K, capacity 4102K, committed 4224K, reserved 1048576K
}
Event: 3.242 GC heap before
{Heap before GC invocations=7 (full 1):
 PSYoungGen      total 124928K, used 103062K [0x0000000775980000, 0x0000000781f00000, 0x00000007c0000000)
  eden space 115712K, 81% used [0x0000000775980000,0x000000077b529e50,0x000000077ca80000)
  from space 9216K, 99% used [0x000000077ca80000,0x000000077d37bbe8,0x000000077d380000)
  to   space 13312K, 0% used [0x0000000781200000,0x0000000781200000,0x0000000781f00000)
 ParOldGen       total 91136K, used 9310K [0x00000006e0c00000, 0x00000006e6500000, 0x0000000775980000)
  object space 91136K, 10% used [0x00000006e0c00000,0x00000006e1517b18,0x00000006e6500000)
 Metaspace       used 33345K, capacity 35366K, committed 35416K, reserved 1079296K
  class space    used 4307K, capacity 4700K, committed 4736K, reserved 1048576K
Event: 3.253 GC heap after
Heap after GC invocations=7 (full 1):
 PSYoungGen      total 188928K, used 9712K [0x0000000775980000, 0x0000000782100000, 0x00000007c0000000)
  eden space 175616K, 0% used [0x0000000775980000,0x0000000775980000,0x0000000780500000)
  from space 13312K, 72% used [0x0000000781200000,0x0000000781b7c1d0,0x0000000781f00000)
  to   space 13312K, 0% used [0x0000000780500000,0x0000000780500000,0x0000000781200000)
 ParOldGen       total 91136K, used 9318K [0x00000006e0c00000, 0x00000006e6500000, 0x0000000775980000)
  object space 91136K, 10% used [0x00000006e0c00000,0x00000006e1519b18,0x00000006e6500000)
 Metaspace       used 33345K, capacity 35366K, committed 35416K, reserved 1079296K
  class space    used 4307K, capacity 4700K, committed 4736K, reserved 1048576K
}
Event: 3.253 GC heap before
{Heap before GC invocations=8 (full 2):
 PSYoungGen      total 188928K, used 9712K [0x0000000775980000, 0x0000000782100000, 0x00000007c0000000)
  eden space 175616K, 0% used [0x0000000775980000,0x0000000775980000,0x0000000780500000)
  from space 13312K, 72% used [0x0000000781200000,0x0000000781b7c1d0,0x0000000781f00000)
  to   space 13312K, 0% used [0x0000000780500000,0x0000000780500000,0x0000000781200000)
 ParOldGen       total 91136K, used 9318K [0x00000006e0c00000, 0x00000006e6500000, 0x0000000775980000)
  object space 91136K, 10% used [0x00000006e0c00000,0x00000006e1519b18,0x00000006e6500000)
 Metaspace       used 33345K, capacity 35366K, committed 35416K, reserved 1079296K
  class space    used 4307K, capacity 4700K, committed 4736K, reserved 1048576K
Event: 3.286 GC heap after
Heap after GC invocations=8 (full 2):
 PSYoungGen      total 188928K, used 0K [0x0000000775980000, 0x0000000782100000, 0x00000007c0000000)
  eden space 175616K, 0% used [0x0000000775980000,0x0000000775980000,0x0000000780500000)
  from space 13312K, 0% used [0x0000000781200000,0x0000000781200000,0x0000000781f00000)
  to   space 13312K, 0% used [0x0000000780500000,0x0000000780500000,0x0000000781200000)
 ParOldGen       total 140288K, used 14111K [0x00000006e0c00000, 0x00000006e9500000, 0x0000000775980000)
  object space 140288K, 10% used [0x00000006e0c00000,0x00000006e19c7f00,0x00000006e9500000)
 Metaspace       used 33345K, capacity 35366K, committed 35416K, reserved 1079296K
  class space    used 4307K, capacity 4700K, committed 4736K, reserved 1048576K
}

